[2025-03-26 16:10:12.079] [system::topology::RingTopology] [info] ring of node 0, id: 0 dimension: local total nodes in ring: 2 index in ring: 0 offset: 1 total nodes in ring: 2
[2025-03-26 16:10:12.079] [system::topology::RingTopology] [info] ring of node 0, id: 0 dimension: local total nodes in ring: 4 index in ring: 0 offset: 2 total nodes in ring: 4
[2025-03-26 16:10:12.079] [system::topology::RingTopology] [info] ring of node 0, id: 0 dimension: local total nodes in ring: 2 index in ring: 0 offset: 8 total nodes in ring: 2
[2025-03-26 16:10:12.079] [system::topology::RingTopology] [info] ring of node 0, id: 0 dimension: local total nodes in ring: 2 index in ring: 0 offset: 1 total nodes in ring: 2
[2025-03-26 16:10:12.079] [system::topology::RingTopology] [info] ring of node 0, id: 0 dimension: local total nodes in ring: 4 index in ring: 0 offset: 2 total nodes in ring: 4
[2025-03-26 16:10:12.079] [system::topology::RingTopology] [info] ring of node 0, id: 0 dimension: local total nodes in ring: 2 index in ring: 0 offset: 8 total nodes in ring: 2
[2025-03-26 16:10:12.079] [system::topology::RingTopology] [info] ring of node 0, id: 0 dimension: local total nodes in ring: 2 index in ring: 0 offset: 1 total nodes in ring: 2
[2025-03-26 16:10:12.079] [system::topology::RingTopology] [info] ring of node 0, id: 0 dimension: local total nodes in ring: 4 index in ring: 0 offset: 2 total nodes in ring: 4
[2025-03-26 16:10:12.079] [system::topology::RingTopology] [info] ring of node 0, id: 0 dimension: local total nodes in ring: 2 index in ring: 0 offset: 8 total nodes in ring: 2
[2025-03-26 16:10:12.079] [system::topology::RingTopology] [info] ring of node 0, id: 0 dimension: local total nodes in ring: 2 index in ring: 0 offset: 1 total nodes in ring: 2
[2025-03-26 16:10:12.079] [system::topology::RingTopology] [info] ring of node 0, id: 0 dimension: local total nodes in ring: 4 index in ring: 0 offset: 2 total nodes in ring: 4
[2025-03-26 16:10:12.079] [system::topology::RingTopology] [info] ring of node 0, id: 0 dimension: local total nodes in ring: 2 index in ring: 0 offset: 8 total nodes in ring: 2
[2025-03-26 16:10:12.165] [system::topology::RingTopology] [info] custom ring, id: 0, dimension: local total nodes in ring: 2 index in ring: 0 total nodes in ring 2
[2025-03-26 16:10:12.165] [system::topology::RingTopology] [info] custom ring, id: 1, dimension: local total nodes in ring: 2 index in ring: 0 total nodes in ring 2
[2025-03-26 16:10:12.166] [system::topology::RingTopology] [info] custom ring, id: 2, dimension: local total nodes in ring: 2 index in ring: 1 total nodes in ring 2
[2025-03-26 16:10:12.166] [system::topology::RingTopology] [info] custom ring, id: 3, dimension: local total nodes in ring: 2 index in ring: 1 total nodes in ring 2
[2025-03-26 16:10:12.166] [system::topology::RingTopology] [info] custom ring, id: 4, dimension: local total nodes in ring: 2 index in ring: 0 total nodes in ring 2
[2025-03-26 16:10:12.166] [system::topology::RingTopology] [info] custom ring, id: 5, dimension: local total nodes in ring: 2 index in ring: 0 total nodes in ring 2
[2025-03-26 16:10:12.167] [system::topology::RingTopology] [info] custom ring, id: 6, dimension: local total nodes in ring: 2 index in ring: 1 total nodes in ring 2
[2025-03-26 16:10:12.167] [system::topology::RingTopology] [info] custom ring, id: 7, dimension: local total nodes in ring: 2 index in ring: 1 total nodes in ring 2
[2025-03-26 16:10:12.170] [system::topology::RingTopology] [info] custom ring, id: 9, dimension: local total nodes in ring: 2 index in ring: 0 total nodes in ring 2
[2025-03-26 16:10:12.170] [system::topology::RingTopology] [info] custom ring, id: 15, dimension: local total nodes in ring: 2 index in ring: 1 total nodes in ring 2
[2025-03-26 16:10:12.170] [system::topology::RingTopology] [info] custom ring, id: 8, dimension: local total nodes in ring: 2 index in ring: 0 total nodes in ring 2
[2025-03-26 16:10:12.170] [system::topology::RingTopology] [info] custom ring, id: 10, dimension: local total nodes in ring: 2 index in ring: 1 total nodes in ring 2
[2025-03-26 16:10:12.171] [system::topology::RingTopology] [info] custom ring, id: 11, dimension: local total nodes in ring: 2 index in ring: 1 total nodes in ring 2
[2025-03-26 16:10:12.171] [system::topology::RingTopology] [info] custom ring, id: 12, dimension: local total nodes in ring: 2 index in ring: 0 total nodes in ring 2
[2025-03-26 16:10:12.171] [system::topology::RingTopology] [info] custom ring, id: 13, dimension: local total nodes in ring: 2 index in ring: 0 total nodes in ring 2
[2025-03-26 16:10:12.171] [system::topology::RingTopology] [info] custom ring, id: 14, dimension: local total nodes in ring: 2 index in ring: 1 total nodes in ring 2
[2025-03-26 16:10:12.172] [system::topology::RingTopology] [info] custom ring, id: 9, dimension: local total nodes in ring: 2 index in ring: 0 total nodes in ring 2
[2025-03-26 16:10:12.172] [system::topology::RingTopology] [info] custom ring, id: 15, dimension: local total nodes in ring: 2 index in ring: 1 total nodes in ring 2
[2025-03-26 16:10:12.172] [system::topology::RingTopology] [info] custom ring, id: 8, dimension: local total nodes in ring: 2 index in ring: 0 total nodes in ring 2
[2025-03-26 16:10:12.172] [system::topology::RingTopology] [info] custom ring, id: 10, dimension: local total nodes in ring: 2 index in ring: 0 total nodes in ring 2
[2025-03-26 16:10:12.172] [system::topology::RingTopology] [info] custom ring, id: 11, dimension: local total nodes in ring: 2 index in ring: 0 total nodes in ring 2
[2025-03-26 16:10:12.172] [system::topology::RingTopology] [info] custom ring, id: 12, dimension: local total nodes in ring: 2 index in ring: 1 total nodes in ring 2
[2025-03-26 16:10:12.172] [system::topology::RingTopology] [info] custom ring, id: 13, dimension: local total nodes in ring: 2 index in ring: 1 total nodes in ring 2
[2025-03-26 16:10:12.172] [system::topology::RingTopology] [info] custom ring, id: 14, dimension: local total nodes in ring: 2 index in ring: 1 total nodes in ring 2
[2025-03-26 16:10:12.174] [system::topology::RingTopology] [info] custom ring, id: 9, dimension: local total nodes in ring: 2 index in ring: 0 total nodes in ring 2
[2025-03-26 16:10:12.174] [system::topology::RingTopology] [info] custom ring, id: 15, dimension: local total nodes in ring: 2 index in ring: 1 total nodes in ring 2
[2025-03-26 16:10:12.174] [system::topology::RingTopology] [info] custom ring, id: 8, dimension: local total nodes in ring: 2 index in ring: 0 total nodes in ring 2
[2025-03-26 16:10:12.174] [system::topology::RingTopology] [info] custom ring, id: 10, dimension: local total nodes in ring: 2 index in ring: 0 total nodes in ring 2
[2025-03-26 16:10:12.174] [system::topology::RingTopology] [info] custom ring, id: 11, dimension: local total nodes in ring: 2 index in ring: 0 total nodes in ring 2
[2025-03-26 16:10:12.174] [system::topology::RingTopology] [info] custom ring, id: 12, dimension: local total nodes in ring: 2 index in ring: 1 total nodes in ring 2
[2025-03-26 16:10:12.174] [system::topology::RingTopology] [info] custom ring, id: 13, dimension: local total nodes in ring: 2 index in ring: 1 total nodes in ring 2
[2025-03-26 16:10:12.174] [system::topology::RingTopology] [info] custom ring, id: 14, dimension: local total nodes in ring: 2 index in ring: 1 total nodes in ring 2
[2025-03-26 16:10:12.177] [system::topology::RingTopology] [info] custom ring, id: 9, dimension: local total nodes in ring: 2 index in ring: 0 total nodes in ring 2
[2025-03-26 16:10:12.178] [system::topology::RingTopology] [info] custom ring, id: 15, dimension: local total nodes in ring: 2 index in ring: 1 total nodes in ring 2
[2025-03-26 16:10:12.178] [system::topology::RingTopology] [info] custom ring, id: 8, dimension: local total nodes in ring: 2 index in ring: 0 total nodes in ring 2
[2025-03-26 16:10:12.178] [system::topology::RingTopology] [info] custom ring, id: 10, dimension: local total nodes in ring: 2 index in ring: 1 total nodes in ring 2
[2025-03-26 16:10:12.178] [system::topology::RingTopology] [info] custom ring, id: 11, dimension: local total nodes in ring: 2 index in ring: 1 total nodes in ring 2
[2025-03-26 16:10:12.178] [system::topology::RingTopology] [info] custom ring, id: 12, dimension: local total nodes in ring: 2 index in ring: 0 total nodes in ring 2
[2025-03-26 16:10:12.178] [system::topology::RingTopology] [info] custom ring, id: 13, dimension: local total nodes in ring: 2 index in ring: 0 total nodes in ring 2
[2025-03-26 16:10:12.178] [system::topology::RingTopology] [info] custom ring, id: 14, dimension: local total nodes in ring: 2 index in ring: 1 total nodes in ring 2
[2025-03-26 16:10:12.181] [system::topology::RingTopology] [info] custom ring, id: 1, dimension: local total nodes in ring: 2 index in ring: 0 total nodes in ring 2
[2025-03-26 16:10:12.181] [system::topology::RingTopology] [info] custom ring, id: 7, dimension: local total nodes in ring: 2 index in ring: 1 total nodes in ring 2
[2025-03-26 16:10:12.181] [system::topology::RingTopology] [info] custom ring, id: 0, dimension: local total nodes in ring: 2 index in ring: 0 total nodes in ring 2
[2025-03-26 16:10:12.181] [system::topology::RingTopology] [info] custom ring, id: 2, dimension: local total nodes in ring: 2 index in ring: 0 total nodes in ring 2
[2025-03-26 16:10:12.181] [system::topology::RingTopology] [info] custom ring, id: 3, dimension: local total nodes in ring: 2 index in ring: 0 total nodes in ring 2
[2025-03-26 16:10:12.181] [system::topology::RingTopology] [info] custom ring, id: 4, dimension: local total nodes in ring: 2 index in ring: 1 total nodes in ring 2
[2025-03-26 16:10:12.181] [system::topology::RingTopology] [info] custom ring, id: 5, dimension: local total nodes in ring: 2 index in ring: 1 total nodes in ring 2
[2025-03-26 16:10:12.181] [system::topology::RingTopology] [info] custom ring, id: 6, dimension: local total nodes in ring: 2 index in ring: 1 total nodes in ring 2
[2025-03-26 16:10:12.183] [system::topology::RingTopology] [info] custom ring, id: 1, dimension: local total nodes in ring: 2 index in ring: 0 total nodes in ring 2
[2025-03-26 16:10:12.183] [system::topology::RingTopology] [info] custom ring, id: 7, dimension: local total nodes in ring: 2 index in ring: 1 total nodes in ring 2
[2025-03-26 16:10:12.183] [system::topology::RingTopology] [info] custom ring, id: 0, dimension: local total nodes in ring: 2 index in ring: 0 total nodes in ring 2
[2025-03-26 16:10:12.183] [system::topology::RingTopology] [info] custom ring, id: 2, dimension: local total nodes in ring: 2 index in ring: 0 total nodes in ring 2
[2025-03-26 16:10:12.183] [system::topology::RingTopology] [info] custom ring, id: 3, dimension: local total nodes in ring: 2 index in ring: 0 total nodes in ring 2
[2025-03-26 16:10:12.183] [system::topology::RingTopology] [info] custom ring, id: 4, dimension: local total nodes in ring: 2 index in ring: 1 total nodes in ring 2
[2025-03-26 16:10:12.183] [system::topology::RingTopology] [info] custom ring, id: 5, dimension: local total nodes in ring: 2 index in ring: 1 total nodes in ring 2
[2025-03-26 16:10:12.183] [system::topology::RingTopology] [info] custom ring, id: 6, dimension: local total nodes in ring: 2 index in ring: 1 total nodes in ring 2
[2025-03-26 16:10:12.186] [system::topology::RingTopology] [info] custom ring, id: 1, dimension: local total nodes in ring: 2 index in ring: 0 total nodes in ring 2
[2025-03-26 16:10:12.186] [system::topology::RingTopology] [info] custom ring, id: 7, dimension: local total nodes in ring: 2 index in ring: 1 total nodes in ring 2
[2025-03-26 16:10:12.186] [system::topology::RingTopology] [info] custom ring, id: 0, dimension: local total nodes in ring: 2 index in ring: 0 total nodes in ring 2
[2025-03-26 16:10:12.186] [system::topology::RingTopology] [info] custom ring, id: 2, dimension: local total nodes in ring: 2 index in ring: 1 total nodes in ring 2
[2025-03-26 16:10:12.186] [system::topology::RingTopology] [info] custom ring, id: 3, dimension: local total nodes in ring: 2 index in ring: 1 total nodes in ring 2
[2025-03-26 16:10:12.186] [system::topology::RingTopology] [info] custom ring, id: 4, dimension: local total nodes in ring: 2 index in ring: 0 total nodes in ring 2
[2025-03-26 16:10:12.186] [system::topology::RingTopology] [info] custom ring, id: 5, dimension: local total nodes in ring: 2 index in ring: 0 total nodes in ring 2
[2025-03-26 16:10:12.186] [system::topology::RingTopology] [info] custom ring, id: 6, dimension: local total nodes in ring: 2 index in ring: 1 total nodes in ring 2
[2025-03-26 16:10:12.259] [system::topology::RingTopology] [info] custom ring, id: 9, dimension: local total nodes in ring: 2 index in ring: 1 total nodes in ring 2
[2025-03-26 16:10:12.259] [system::topology::RingTopology] [info] custom ring, id: 15, dimension: local total nodes in ring: 2 index in ring: 1 total nodes in ring 2
[2025-03-26 16:10:12.259] [system::topology::RingTopology] [info] custom ring, id: 8, dimension: local total nodes in ring: 2 index in ring: 0 total nodes in ring 2
[2025-03-26 16:10:12.259] [system::topology::RingTopology] [info] custom ring, id: 10, dimension: local total nodes in ring: 2 index in ring: 0 total nodes in ring 2
[2025-03-26 16:10:12.259] [system::topology::RingTopology] [info] custom ring, id: 11, dimension: local total nodes in ring: 2 index in ring: 1 total nodes in ring 2
[2025-03-26 16:10:12.259] [system::topology::RingTopology] [info] custom ring, id: 12, dimension: local total nodes in ring: 2 index in ring: 0 total nodes in ring 2
[2025-03-26 16:10:12.259] [system::topology::RingTopology] [info] custom ring, id: 13, dimension: local total nodes in ring: 2 index in ring: 1 total nodes in ring 2
[2025-03-26 16:10:12.259] [system::topology::RingTopology] [info] custom ring, id: 14, dimension: local total nodes in ring: 2 index in ring: 0 total nodes in ring 2
[2025-03-26 16:10:12.259] [system::topology::RingTopology] [info] custom ring, id: 9, dimension: local total nodes in ring: 2 index in ring: 0 total nodes in ring 2
[2025-03-26 16:10:12.259] [system::topology::RingTopology] [info] custom ring, id: 15, dimension: local total nodes in ring: 2 index in ring: 1 total nodes in ring 2
[2025-03-26 16:10:12.259] [system::topology::RingTopology] [info] custom ring, id: 8, dimension: local total nodes in ring: 2 index in ring: 0 total nodes in ring 2
[2025-03-26 16:10:12.259] [system::topology::RingTopology] [info] custom ring, id: 10, dimension: local total nodes in ring: 2 index in ring: 0 total nodes in ring 2
[2025-03-26 16:10:12.259] [system::topology::RingTopology] [info] custom ring, id: 11, dimension: local total nodes in ring: 2 index in ring: 0 total nodes in ring 2
[2025-03-26 16:10:12.259] [system::topology::RingTopology] [info] custom ring, id: 12, dimension: local total nodes in ring: 2 index in ring: 1 total nodes in ring 2
[2025-03-26 16:10:12.259] [system::topology::RingTopology] [info] custom ring, id: 13, dimension: local total nodes in ring: 2 index in ring: 1 total nodes in ring 2
[2025-03-26 16:10:12.260] [system::topology::RingTopology] [info] custom ring, id: 14, dimension: local total nodes in ring: 2 index in ring: 1 total nodes in ring 2
[2025-03-26 16:10:12.263] [system::topology::RingTopology] [info] custom ring, id: 1, dimension: local total nodes in ring: 2 index in ring: 1 total nodes in ring 2
[2025-03-26 16:10:12.263] [system::topology::RingTopology] [info] custom ring, id: 7, dimension: local total nodes in ring: 2 index in ring: 1 total nodes in ring 2
[2025-03-26 16:10:12.263] [system::topology::RingTopology] [info] custom ring, id: 0, dimension: local total nodes in ring: 2 index in ring: 0 total nodes in ring 2
[2025-03-26 16:10:12.263] [system::topology::RingTopology] [info] custom ring, id: 2, dimension: local total nodes in ring: 2 index in ring: 0 total nodes in ring 2
[2025-03-26 16:10:12.263] [system::topology::RingTopology] [info] custom ring, id: 3, dimension: local total nodes in ring: 2 index in ring: 1 total nodes in ring 2
[2025-03-26 16:10:12.263] [system::topology::RingTopology] [info] custom ring, id: 4, dimension: local total nodes in ring: 2 index in ring: 0 total nodes in ring 2
[2025-03-26 16:10:12.264] [system::topology::RingTopology] [info] custom ring, id: 5, dimension: local total nodes in ring: 2 index in ring: 1 total nodes in ring 2
[2025-03-26 16:10:12.264] [system::topology::RingTopology] [info] custom ring, id: 6, dimension: local total nodes in ring: 2 index in ring: 0 total nodes in ring 2
[2025-03-26 16:10:12.264] [system::topology::RingTopology] [info] custom ring, id: 1, dimension: local total nodes in ring: 2 index in ring: 0 total nodes in ring 2
[2025-03-26 16:10:12.264] [system::topology::RingTopology] [info] custom ring, id: 7, dimension: local total nodes in ring: 2 index in ring: 1 total nodes in ring 2
[2025-03-26 16:10:12.264] [system::topology::RingTopology] [info] custom ring, id: 0, dimension: local total nodes in ring: 2 index in ring: 0 total nodes in ring 2
[2025-03-26 16:10:12.264] [system::topology::RingTopology] [info] custom ring, id: 2, dimension: local total nodes in ring: 2 index in ring: 0 total nodes in ring 2
[2025-03-26 16:10:12.264] [system::topology::RingTopology] [info] custom ring, id: 3, dimension: local total nodes in ring: 2 index in ring: 0 total nodes in ring 2
[2025-03-26 16:10:12.264] [system::topology::RingTopology] [info] custom ring, id: 4, dimension: local total nodes in ring: 2 index in ring: 1 total nodes in ring 2
[2025-03-26 16:10:12.264] [system::topology::RingTopology] [info] custom ring, id: 5, dimension: local total nodes in ring: 2 index in ring: 1 total nodes in ring 2
[2025-03-26 16:10:12.264] [system::topology::RingTopology] [info] custom ring, id: 6, dimension: local total nodes in ring: 2 index in ring: 1 total nodes in ring 2
[2025-03-26 16:10:12.484] [workload] [info] sys[9] finished, 3518440140 cycles, exposed communication 2598653459 cycles.
[2025-03-26 16:10:12.484] [statistics] [info] sys[9]. Post statistics processing start.
[2025-03-26 16:10:12.484] [statistics] [info] sys[9]. Post statistics processing end.
[2025-03-26 16:10:12.484] [statistics] [info] sys[9], Wall time: 3518440140
[2025-03-26 16:10:12.484] [statistics] [info] sys[9], GPU time: 919786681
[2025-03-26 16:10:12.484] [statistics] [info] sys[9], Comm time: 3451268948
[2025-03-26 16:10:12.484] [statistics] [info] sys[9], Compute bound percentage: 83.794%
[2025-03-26 16:10:12.484] [statistics] [info] sys[9], Average compute utilization: 85.661%
[2025-03-26 16:10:12.484] [statistics] [info] sys[9], Average memory utilization: 28.083%
[2025-03-26 16:10:12.484] [statistics] [info] sys[9], Average operation intensity: 3627.032
[2025-03-26 16:10:12.484] [workload] [info] sys[15] finished, 3518440140 cycles, exposed communication 2598653459 cycles.
[2025-03-26 16:10:12.484] [statistics] [info] sys[15]. Post statistics processing start.
[2025-03-26 16:10:12.484] [statistics] [info] sys[15]. Post statistics processing end.
[2025-03-26 16:10:12.484] [statistics] [info] sys[15], Wall time: 3518440140
[2025-03-26 16:10:12.484] [statistics] [info] sys[15], Comm time: 3451268948
[2025-03-26 16:10:12.484] [statistics] [info] sys[15], GPU time: 919786681
[2025-03-26 16:10:12.484] [statistics] [info] sys[15], Compute bound percentage: 83.794%
[2025-03-26 16:10:12.484] [statistics] [info] sys[15], Average compute utilization: 85.661%
[2025-03-26 16:10:12.484] [statistics] [info] sys[15], Average memory utilization: 28.083%
[2025-03-26 16:10:12.484] [statistics] [info] sys[15], Average operation intensity: 3627.032
[2025-03-26 16:10:12.484] [workload] [info] sys[8] finished, 3518448870 cycles, exposed communication 2598662189 cycles.
[2025-03-26 16:10:12.484] [statistics] [info] sys[8]. Post statistics processing start.
[2025-03-26 16:10:12.485] [statistics] [info] sys[8]. Post statistics processing end.
[2025-03-26 16:10:12.485] [statistics] [info] sys[8], Wall time: 3518448870
[2025-03-26 16:10:12.485] [statistics] [info] sys[8], Comm time: 3451277678
[2025-03-26 16:10:12.485] [statistics] [info] sys[8], GPU time: 919786681
[2025-03-26 16:10:12.485] [statistics] [info] sys[8], Compute bound percentage: 83.794%
[2025-03-26 16:10:12.485] [statistics] [info] sys[8], Average compute utilization: 85.661%
[2025-03-26 16:10:12.485] [statistics] [info] sys[8], Average memory utilization: 28.083%
[2025-03-26 16:10:12.485] [statistics] [info] sys[8], Average operation intensity: 3627.032
[2025-03-26 16:10:12.485] [workload] [info] sys[10] finished, 3518448870 cycles, exposed communication 2598662189 cycles.
[2025-03-26 16:10:12.485] [statistics] [info] sys[10]. Post statistics processing start.
[2025-03-26 16:10:12.485] [statistics] [info] sys[10]. Post statistics processing end.
[2025-03-26 16:10:12.485] [statistics] [info] sys[10], Wall time: 3518448870
[2025-03-26 16:10:12.485] [statistics] [info] sys[10], GPU time: 919786681
[2025-03-26 16:10:12.485] [statistics] [info] sys[10], Comm time: 3451277678
[2025-03-26 16:10:12.485] [statistics] [info] sys[10], Compute bound percentage: 83.794%
[2025-03-26 16:10:12.485] [statistics] [info] sys[10], Average compute utilization: 85.661%
[2025-03-26 16:10:12.485] [statistics] [info] sys[10], Average memory utilization: 28.083%
[2025-03-26 16:10:12.485] [statistics] [info] sys[10], Average operation intensity: 3627.032
[2025-03-26 16:10:12.485] [workload] [info] sys[11] finished, 3518448870 cycles, exposed communication 2598662189 cycles.
[2025-03-26 16:10:12.485] [statistics] [info] sys[11]. Post statistics processing start.
[2025-03-26 16:10:12.485] [statistics] [info] sys[11]. Post statistics processing end.
[2025-03-26 16:10:12.485] [statistics] [info] sys[11], Wall time: 3518448870
[2025-03-26 16:10:12.485] [statistics] [info] sys[11], GPU time: 919786681
[2025-03-26 16:10:12.485] [statistics] [info] sys[11], Comm time: 3451277678
[2025-03-26 16:10:12.485] [statistics] [info] sys[11], Compute bound percentage: 83.794%
[2025-03-26 16:10:12.485] [statistics] [info] sys[11], Average compute utilization: 85.661%
[2025-03-26 16:10:12.485] [statistics] [info] sys[11], Average memory utilization: 28.083%
[2025-03-26 16:10:12.485] [statistics] [info] sys[11], Average operation intensity: 3627.032
[2025-03-26 16:10:12.485] [workload] [info] sys[12] finished, 3518448870 cycles, exposed communication 2598662189 cycles.
[2025-03-26 16:10:12.485] [statistics] [info] sys[12]. Post statistics processing start.
[2025-03-26 16:10:12.485] [statistics] [info] sys[12]. Post statistics processing end.
[2025-03-26 16:10:12.485] [statistics] [info] sys[12], Wall time: 3518448870
[2025-03-26 16:10:12.485] [statistics] [info] sys[12], Comm time: 3451277678
[2025-03-26 16:10:12.485] [statistics] [info] sys[12], GPU time: 919786681
[2025-03-26 16:10:12.485] [statistics] [info] sys[12], Compute bound percentage: 83.794%
[2025-03-26 16:10:12.485] [statistics] [info] sys[12], Average compute utilization: 85.661%
[2025-03-26 16:10:12.485] [statistics] [info] sys[12], Average memory utilization: 28.083%
[2025-03-26 16:10:12.485] [statistics] [info] sys[12], Average operation intensity: 3627.032
[2025-03-26 16:10:12.485] [workload] [info] sys[13] finished, 3518448870 cycles, exposed communication 2598662189 cycles.
[2025-03-26 16:10:12.485] [statistics] [info] sys[13]. Post statistics processing start.
[2025-03-26 16:10:12.485] [statistics] [info] sys[13]. Post statistics processing end.
[2025-03-26 16:10:12.485] [statistics] [info] sys[13], Wall time: 3518448870
[2025-03-26 16:10:12.485] [statistics] [info] sys[13], GPU time: 919786681
[2025-03-26 16:10:12.485] [statistics] [info] sys[13], Comm time: 3451277678
[2025-03-26 16:10:12.485] [statistics] [info] sys[13], Compute bound percentage: 83.794%
[2025-03-26 16:10:12.485] [statistics] [info] sys[13], Average compute utilization: 85.661%
[2025-03-26 16:10:12.485] [statistics] [info] sys[13], Average memory utilization: 28.083%
[2025-03-26 16:10:12.485] [statistics] [info] sys[13], Average operation intensity: 3627.032
[2025-03-26 16:10:12.485] [workload] [info] sys[14] finished, 3518448870 cycles, exposed communication 2598662189 cycles.
[2025-03-26 16:10:12.485] [statistics] [info] sys[14]. Post statistics processing start.
[2025-03-26 16:10:12.485] [statistics] [info] sys[14]. Post statistics processing end.
[2025-03-26 16:10:12.485] [statistics] [info] sys[14], Wall time: 3518448870
[2025-03-26 16:10:12.485] [statistics] [info] sys[14], GPU time: 919786681
[2025-03-26 16:10:12.485] [statistics] [info] sys[14], Comm time: 3451277678
[2025-03-26 16:10:12.485] [statistics] [info] sys[14], Compute bound percentage: 83.794%
[2025-03-26 16:10:12.485] [statistics] [info] sys[14], Average compute utilization: 85.661%
[2025-03-26 16:10:12.485] [statistics] [info] sys[14], Average memory utilization: 28.083%
[2025-03-26 16:10:12.485] [statistics] [info] sys[14], Average operation intensity: 3627.032
[2025-03-26 16:10:12.486] [workload] [info] sys[1] finished, 3556863386 cycles, exposed communication 2637076705 cycles.
[2025-03-26 16:10:12.486] [statistics] [info] sys[1]. Post statistics processing start.
[2025-03-26 16:10:12.487] [statistics] [info] sys[1]. Post statistics processing end.
[2025-03-26 16:10:12.487] [statistics] [info] sys[1], Wall time: 3556863386
[2025-03-26 16:10:12.487] [statistics] [info] sys[1], GPU time: 919786681
[2025-03-26 16:10:12.487] [statistics] [info] sys[1], Comm time: 3521402404
[2025-03-26 16:10:12.487] [statistics] [info] sys[1], Compute bound percentage: 83.794%
[2025-03-26 16:10:12.487] [statistics] [info] sys[1], Average compute utilization: 85.661%
[2025-03-26 16:10:12.487] [statistics] [info] sys[1], Average memory utilization: 28.401%
[2025-03-26 16:10:12.487] [statistics] [info] sys[1], Average operation intensity: 3523.082
[2025-03-26 16:10:12.487] [workload] [info] sys[7] finished, 3556863386 cycles, exposed communication 2637076705 cycles.
[2025-03-26 16:10:12.487] [statistics] [info] sys[7]. Post statistics processing start.
[2025-03-26 16:10:12.487] [statistics] [info] sys[7]. Post statistics processing end.
[2025-03-26 16:10:12.487] [statistics] [info] sys[7], Wall time: 3556863386
[2025-03-26 16:10:12.487] [statistics] [info] sys[7], GPU time: 919786681
[2025-03-26 16:10:12.487] [statistics] [info] sys[7], Comm time: 3521402404
[2025-03-26 16:10:12.487] [statistics] [info] sys[7], Compute bound percentage: 83.794%
[2025-03-26 16:10:12.487] [statistics] [info] sys[7], Average compute utilization: 85.661%
[2025-03-26 16:10:12.487] [statistics] [info] sys[7], Average memory utilization: 28.401%
[2025-03-26 16:10:12.487] [statistics] [info] sys[7], Average operation intensity: 3523.082
[2025-03-26 16:10:12.487] [workload] [info] sys[0] finished, 3556872116 cycles, exposed communication 2637085435 cycles.
[2025-03-26 16:10:12.487] [statistics] [info] sys[0]. Post statistics processing start.
[2025-03-26 16:10:12.487] [statistics] [info] sys[0]. Post statistics processing end.
[2025-03-26 16:10:12.487] [statistics] [info] sys[0], Wall time: 3556872116
[2025-03-26 16:10:12.487] [statistics] [info] sys[0], GPU time: 919786681
[2025-03-26 16:10:12.487] [statistics] [info] sys[0], Comm time: 3521411134
[2025-03-26 16:10:12.487] [statistics] [info] sys[0], Compute bound percentage: 83.794%
[2025-03-26 16:10:12.487] [statistics] [info] sys[0], Average compute utilization: 85.661%
[2025-03-26 16:10:12.487] [statistics] [info] sys[0], Average memory utilization: 28.401%
[2025-03-26 16:10:12.487] [statistics] [info] sys[0], Average operation intensity: 3523.082
[2025-03-26 16:10:12.489] [workload] [info] sys[0] peak memory usage: 19676528640
[2025-03-26 16:10:12.489] [workload] [info] sys[2] finished, 3556872116 cycles, exposed communication 2637085435 cycles.
[2025-03-26 16:10:12.489] [statistics] [info] sys[2]. Post statistics processing start.
[2025-03-26 16:10:12.490] [statistics] [info] sys[2]. Post statistics processing end.
[2025-03-26 16:10:12.490] [statistics] [info] sys[2], Wall time: 3556872116
[2025-03-26 16:10:12.490] [statistics] [info] sys[2], GPU time: 919786681
[2025-03-26 16:10:12.490] [statistics] [info] sys[2], Comm time: 3521411134
[2025-03-26 16:10:12.490] [statistics] [info] sys[2], Compute bound percentage: 83.794%
[2025-03-26 16:10:12.490] [statistics] [info] sys[2], Average compute utilization: 85.661%
[2025-03-26 16:10:12.490] [statistics] [info] sys[2], Average memory utilization: 28.401%
[2025-03-26 16:10:12.490] [statistics] [info] sys[2], Average operation intensity: 3523.082
[2025-03-26 16:10:12.490] [workload] [info] sys[3] finished, 3556872116 cycles, exposed communication 2637085435 cycles.
[2025-03-26 16:10:12.490] [statistics] [info] sys[3]. Post statistics processing start.
[2025-03-26 16:10:12.490] [statistics] [info] sys[3]. Post statistics processing end.
[2025-03-26 16:10:12.490] [statistics] [info] sys[3], Wall time: 3556872116
[2025-03-26 16:10:12.490] [statistics] [info] sys[3], GPU time: 919786681
[2025-03-26 16:10:12.490] [statistics] [info] sys[3], Comm time: 3521411134
[2025-03-26 16:10:12.490] [statistics] [info] sys[3], Compute bound percentage: 83.794%
[2025-03-26 16:10:12.490] [statistics] [info] sys[3], Average compute utilization: 85.661%
[2025-03-26 16:10:12.490] [statistics] [info] sys[3], Average memory utilization: 28.401%
[2025-03-26 16:10:12.490] [statistics] [info] sys[3], Average operation intensity: 3523.082
[2025-03-26 16:10:12.490] [workload] [info] sys[4] finished, 3556872116 cycles, exposed communication 2637085435 cycles.
[2025-03-26 16:10:12.490] [statistics] [info] sys[4]. Post statistics processing start.
[2025-03-26 16:10:12.490] [statistics] [info] sys[4]. Post statistics processing end.
[2025-03-26 16:10:12.490] [statistics] [info] sys[4], Wall time: 3556872116
[2025-03-26 16:10:12.490] [statistics] [info] sys[4], GPU time: 919786681
[2025-03-26 16:10:12.490] [statistics] [info] sys[4], Comm time: 3521411134
[2025-03-26 16:10:12.490] [statistics] [info] sys[4], Compute bound percentage: 83.794%
[2025-03-26 16:10:12.490] [statistics] [info] sys[4], Average compute utilization: 85.661%
[2025-03-26 16:10:12.490] [statistics] [info] sys[4], Average memory utilization: 28.401%
[2025-03-26 16:10:12.490] [statistics] [info] sys[4], Average operation intensity: 3523.082
[2025-03-26 16:10:12.490] [workload] [info] sys[5] finished, 3556872116 cycles, exposed communication 2637085435 cycles.
[2025-03-26 16:10:12.490] [statistics] [info] sys[5]. Post statistics processing start.
[2025-03-26 16:10:12.490] [statistics] [info] sys[5]. Post statistics processing end.
[2025-03-26 16:10:12.490] [statistics] [info] sys[5], Wall time: 3556872116
[2025-03-26 16:10:12.490] [statistics] [info] sys[5], GPU time: 919786681
[2025-03-26 16:10:12.490] [statistics] [info] sys[5], Comm time: 3521411134
[2025-03-26 16:10:12.490] [statistics] [info] sys[5], Compute bound percentage: 83.794%
[2025-03-26 16:10:12.490] [statistics] [info] sys[5], Average compute utilization: 85.661%
[2025-03-26 16:10:12.490] [statistics] [info] sys[5], Average memory utilization: 28.401%
[2025-03-26 16:10:12.490] [statistics] [info] sys[5], Average operation intensity: 3523.082
[2025-03-26 16:10:12.490] [workload] [info] sys[6] finished, 3556872116 cycles, exposed communication 2637085435 cycles.
[2025-03-26 16:10:12.490] [statistics] [info] sys[6]. Post statistics processing start.
[2025-03-26 16:10:12.490] [statistics] [info] sys[6]. Post statistics processing end.
[2025-03-26 16:10:12.490] [statistics] [info] sys[6], Wall time: 3556872116
[2025-03-26 16:10:12.490] [statistics] [info] sys[6], GPU time: 919786681
[2025-03-26 16:10:12.490] [statistics] [info] sys[6], Comm time: 3521411134
[2025-03-26 16:10:12.490] [statistics] [info] sys[6], Compute bound percentage: 83.794%
[2025-03-26 16:10:12.490] [statistics] [info] sys[6], Average compute utilization: 85.661%
[2025-03-26 16:10:12.490] [statistics] [info] sys[6], Average memory utilization: 28.401%
[2025-03-26 16:10:12.490] [statistics] [info] sys[6], Average operation intensity: 3523.082
[2025-03-26 16:10:12.499] [system] [warning] Exiting
