-- The C compiler identification is GNU 12.3.0
-- The CXX compiler identification is GNU 12.3.0
-- Detecting C compiler ABI info
-- Detecting C compiler ABI info - done
-- Check for working C compiler: /usr/local/pace-apps/spack/packages/linux-rhel9-x86_64_v3/gcc-11.3.1/gcc-12.3.0-ukkkutsxfl5kpnnaxflpkq2jtliwthfz/bin/gcc - skipped
-- Detecting C compile features
-- Detecting C compile features - done
-- Detecting CXX compiler ABI info
-- Detecting CXX compiler ABI info - done
-- Check for working CXX compiler: /usr/local/pace-apps/spack/packages/linux-rhel9-x86_64_v3/gcc-11.3.1/gcc-12.3.0-ukkkutsxfl5kpnnaxflpkq2jtliwthfz/bin/g++ - skipped
-- Detecting CXX compile features
-- Detecting CXX compile features - done
-- Configuring done (0.9s)
-- Generating done (0.5s)
-- Build files have been written to: /home/hice1/jho88/ece8803_hml_lab4B/part1/build
[  7%] [32mBuilding CXX object yaml-cpp/CMakeFiles/yaml-cpp.dir/src/convert.cpp.o[0m
[  9%] [32mBuilding CXX object yaml-cpp/CMakeFiles/yaml-cpp.dir/src/contrib/graphbuilder.cpp.o[0m
[  9%] [32mBuilding CXX object yaml-cpp/CMakeFiles/yaml-cpp.dir/src/contrib/graphbuilderadapter.cpp.o[0m
[  9%] [32mBuilding CXX object yaml-cpp/CMakeFiles/yaml-cpp.dir/src/binary.cpp.o[0m
[ 11%] [32mBuilding CXX object yaml-cpp/CMakeFiles/yaml-cpp.dir/src/depthguard.cpp.o[0m
[ 11%] [32mBuilding CXX object yaml-cpp/CMakeFiles/yaml-cpp.dir/src/directives.cpp.o[0m
[ 15%] [32mBuilding CXX object yaml-cpp/CMakeFiles/yaml-cpp.dir/src/emit.cpp.o[0m
[ 15%] [32mBuilding CXX object yaml-cpp/CMakeFiles/yaml-cpp.dir/src/emitfromevents.cpp.o[0m
[ 16%] [32mBuilding CXX object yaml-cpp/CMakeFiles/yaml-cpp.dir/src/emitter.cpp.o[0m
[ 18%] [32mBuilding CXX object yaml-cpp/CMakeFiles/yaml-cpp.dir/src/emitterstate.cpp.o[0m
[ 20%] [32mBuilding CXX object yaml-cpp/CMakeFiles/yaml-cpp.dir/src/emitterutils.cpp.o[0m
[ 22%] [32mBuilding CXX object yaml-cpp/CMakeFiles/yaml-cpp.dir/src/exceptions.cpp.o[0m
[ 26%] [32mBuilding CXX object yaml-cpp/CMakeFiles/yaml-cpp.dir/src/exp.cpp.o[0m
[ 26%] [32mBuilding CXX object yaml-cpp/CMakeFiles/yaml-cpp.dir/src/memory.cpp.o[0m
[ 28%] [32mBuilding CXX object yaml-cpp/CMakeFiles/yaml-cpp.dir/src/node.cpp.o[0m
[ 30%] [32mBuilding CXX object yaml-cpp/CMakeFiles/yaml-cpp.dir/src/node_data.cpp.o[0m
[ 32%] [32mBuilding CXX object yaml-cpp/CMakeFiles/yaml-cpp.dir/src/nodebuilder.cpp.o[0m
[ 33%] [32mBuilding CXX object yaml-cpp/CMakeFiles/yaml-cpp.dir/src/nodeevents.cpp.o[0m
[ 35%] [32mBuilding CXX object yaml-cpp/CMakeFiles/yaml-cpp.dir/src/null.cpp.o[0m
[ 37%] [32mBuilding CXX object yaml-cpp/CMakeFiles/yaml-cpp.dir/src/ostream_wrapper.cpp.o[0m
[ 39%] [32mBuilding CXX object yaml-cpp/CMakeFiles/yaml-cpp.dir/src/parse.cpp.o[0m
[ 41%] [32mBuilding CXX object yaml-cpp/CMakeFiles/yaml-cpp.dir/src/parser.cpp.o[0m
[ 43%] [32mBuilding CXX object yaml-cpp/CMakeFiles/yaml-cpp.dir/src/regex_yaml.cpp.o[0m
[ 45%] [32mBuilding CXX object yaml-cpp/CMakeFiles/yaml-cpp.dir/src/scanner.cpp.o[0m
[ 47%] [32mBuilding CXX object yaml-cpp/CMakeFiles/yaml-cpp.dir/src/scanscalar.cpp.o[0m
[ 49%] [32mBuilding CXX object yaml-cpp/CMakeFiles/yaml-cpp.dir/src/scantag.cpp.o[0m
[ 50%] [32mBuilding CXX object yaml-cpp/CMakeFiles/yaml-cpp.dir/src/scantoken.cpp.o[0m
[ 52%] [32mBuilding CXX object yaml-cpp/CMakeFiles/yaml-cpp.dir/src/simplekey.cpp.o[0m
[ 54%] [32mBuilding CXX object yaml-cpp/CMakeFiles/yaml-cpp.dir/src/singledocparser.cpp.o[0m
[ 56%] [32mBuilding CXX object yaml-cpp/CMakeFiles/yaml-cpp.dir/src/stream.cpp.o[0m
[ 58%] [32mBuilding CXX object yaml-cpp/CMakeFiles/yaml-cpp.dir/src/tag.cpp.o[0m
[ 60%] [32m[1mLinking CXX static library libyaml-cppd.a[0m
[ 60%] Built target yaml-cpp
[ 66%] [32mBuilding CXX object yaml-cpp/util/CMakeFiles/yaml-cpp-read.dir/read.cpp.o[0m
[ 66%] [32mBuilding CXX object yaml-cpp/util/CMakeFiles/yaml-cpp-sandbox.dir/sandbox.cpp.o[0m
[ 66%] [32mBuilding CXX object yaml-cpp/util/CMakeFiles/yaml-cpp-parse.dir/parse.cpp.o[0m
[ 71%] [32mBuilding CXX object CMakeFiles/AnalyticalNetwork.dir/src/common/NetworkFunction.cpp.o[0m
[ 71%] [32mBuilding CXX object CMakeFiles/AnalyticalNetwork.dir/src/common/event-queue/Event.cpp.o[0m
[ 71%] [32mBuilding CXX object CMakeFiles/AnalyticalNetwork.dir/src/common/event-queue/EventList.cpp.o[0m
[ 73%] [32mBuilding CXX object CMakeFiles/AnalyticalNetwork.dir/src/common/event-queue/EventQueue.cpp.o[0m
[ 75%] [32mBuilding CXX object CMakeFiles/AnalyticalNetwork.dir/src/network/Chunk.cpp.o[0m
[ 77%] [32mBuilding CXX object CMakeFiles/AnalyticalNetwork.dir/src/network/Device.cpp.o[0m
[ 79%] [32mBuilding CXX object CMakeFiles/AnalyticalNetwork.dir/src/network/Link.cpp.o[0m
[ 81%] [32mBuilding CXX object CMakeFiles/AnalyticalNetwork.dir/src/topology/BasicTopology.cpp.o[0m
[ 83%] [32mBuilding CXX object CMakeFiles/AnalyticalNetwork.dir/src/topology/FullyConnected.cpp.o[0m
[ 84%] [32mBuilding CXX object CMakeFiles/AnalyticalNetwork.dir/src/topology/Mesh2D.cpp.o[0m
[ 86%] [32mBuilding CXX object CMakeFiles/AnalyticalNetwork.dir/src/topology/Ring.cpp.o[0m
[ 88%] [32m[1mLinking CXX executable parse[0m
[ 90%] [32m[1mLinking CXX executable read[0m
[ 92%] [32m[1mLinking CXX executable sandbox[0m
[ 94%] [32mBuilding CXX object CMakeFiles/AnalyticalNetwork.dir/src/topology/Switch.cpp.o[0m
[ 94%] Built target yaml-cpp-sandbox
[ 96%] [32mBuilding CXX object CMakeFiles/AnalyticalNetwork.dir/src/topology/Topology.cpp.o[0m
[ 98%] [32mBuilding CXX object CMakeFiles/AnalyticalNetwork.dir/src/main.cpp.o[0m
[ 98%] Built target yaml-cpp-read
[ 98%] Built target yaml-cpp-parse
[100%] [32m[1mLinking CXX executable bin/AnalyticalNetwork[0m
[100%] Built target AnalyticalNetwork
Mesh topolopgy created with width: 4 , height: 4, total NPUs: 16
Route from NPU 1 to NPU 7: 1 2 3 7 
Route from NPU 5 to NPU 14: 5 6 10 14 
Route from NPU 11 to NPU 5: 11 10 9 5 
Route from NPU 15 to NPU 4: 15 14 13 12 8 4 
A chunk arrived at destination at time: 60093 ns
A chunk arrived at destination at time: 60093 ns
A chunk arrived at destination at time: 60093 ns
A chunk arrived at destination at time: 100155 ns
Simulation finished at time: 100155 ns
